# JRE version: Java(TM) SE Runtime Environment (17.0.9+11) (build 17.0.9+11-LTS-201)
# Java VM: Java HotSpot(TM) 64-Bit Server VM (17.0.9+11-LTS-201, mixed mode, sharing, tiered, compressed oops, compressed class ptrs, g1 gc, windows-amd64)
GC Precious Log:
 CPUs: 16 total, 16 available
 Memory: 15932M
 Large Page Support: Disabled
 NUMA Support: Disabled
 Compressed Oops: Enabled (32-bit)
 Heap Region Size: 1M
 Heap Min Capacity: 256M
 Heap Initial Capacity: 256M
 Heap Max Capacity: 512M
 Pre-touch: Disabled
 Parallel Workers: 13
 Concurrent Workers: 3
 Concurrent Refinement Workers: 13
 Periodic GC: Disabled
Heap:
 garbage-first heap   total 262144K, used 97767K [0x00000000e0000000, 0x0000000100000000)
  region size 1024K, 74 young (75776K), 10 survivors (10240K)
 Metaspace       used 43071K, committed 43584K, reserved 393216K
  class space    used 5990K, committed 6208K, reserved 327680K
GC Heap History (8 events):
Event: 1.545 GC heap before
{Heap before GC invocations=0 (full 0):
 garbage-first heap   total 262144K, used 26624K [0x00000000e0000000, 0x0000000100000000)
  region size 1024K, 23 young (23552K), 0 survivors (0K)
 Metaspace       used 2862K, committed 2944K, reserved 393216K
  class space    used 342K, committed 384K, reserved 327680K
}
Event: 1.550 GC heap after
{Heap after GC invocations=1 (full 0):
 garbage-first heap   total 262144K, used 10695K [0x00000000e0000000, 0x0000000100000000)
  region size 1024K, 3 young (3072K), 3 survivors (3072K)
 Metaspace       used 2862K, committed 2944K, reserved 393216K
  class space    used 342K, committed 384K, reserved 327680K
}
Event: 3.138 GC heap before
{Heap before GC invocations=1 (full 0):
 garbage-first heap   total 262144K, used 38343K [0x00000000e0000000, 0x0000000100000000)
  region size 1024K, 30 young (30720K), 3 survivors (3072K)
 Metaspace       used 4082K, committed 4288K, reserved 393216K
  class space    used 495K, committed 576K, reserved 327680K
}
Event: 3.141 GC heap after
{Heap after GC invocations=2 (full 0):
 garbage-first heap   total 262144K, used 11513K [0x00000000e0000000, 0x0000000100000000)
  region size 1024K, 1 young (1024K), 1 survivors (1024K)
 Metaspace       used 4082K, committed 4288K, reserved 393216K
  class space    used 495K, committed 576K, reserved 327680K
}
Event: 13.072 GC heap before
{Heap before GC invocations=2 (full 0):
 garbage-first heap   total 262144K, used 134393K [0x00000000e0000000, 0x0000000100000000)
  region size 1024K, 121 young (123904K), 1 survivors (1024K)
 Metaspace       used 21252K, committed 21504K, reserved 393216K
  class space    used 3103K, committed 3264K, reserved 327680K
}
Event: 13.148 GC heap after
{Heap after GC invocations=3 (full 0):
 garbage-first heap   total 262144K, used 22701K [0x00000000e0000000, 0x0000000100000000)
  region size 1024K, 12 young (12288K), 12 survivors (12288K)
 Metaspace       used 21252K, committed 21504K, reserved 393216K
  class space    used 3103K, committed 3264K, reserved 327680K
}
Event: 90.887 GC heap before
{Heap before GC invocations=4 (full 0):
 garbage-first heap   total 262144K, used 159917K [0x00000000e0000000, 0x0000000100000000)
  region size 1024K, 143 young (146432K), 12 survivors (12288K)
 Metaspace       used 36112K, committed 36480K, reserved 393216K
  class space    used 4978K, committed 5184K, reserved 327680K
}
Event: 90.968 GC heap after
{Heap after GC invocations=5 (full 0):
 garbage-first heap   total 262144K, used 32231K [0x00000000e0000000, 0x0000000100000000)
  region size 1024K, 10 young (10240K), 10 survivors (10240K)
 Metaspace       used 36112K, committed 36480K, reserved 393216K
  class space    used 4978K, committed 5184K, reserved 327680K
}

