# JRE version: Java(TM) SE Runtime Environment (17.0.9+11) (build 17.0.9+11-LTS-201)
# Java VM: Java HotSpot(TM) 64-Bit Server VM (17.0.9+11-LTS-201, mixed mode, sharing, tiered, compressed oops, compressed class ptrs, g1 gc, windows-amd64)
GC Precious Log:
 CPUs: 16 total, 16 available
 Memory: 15932M
 Large Page Support: Disabled
 NUMA Support: Disabled
 Compressed Oops: Enabled (32-bit)
 Heap Region Size: 1M
 Heap Min Capacity: 256M
 Heap Initial Capacity: 256M
 Heap Max Capacity: 512M
 Pre-touch: Disabled
 Parallel Workers: 13
 Concurrent Workers: 3
 Concurrent Refinement Workers: 13
 Periodic GC: Disabled
Heap:
 garbage-first heap   total 262144K, used 90641K [0x00000000e0000000, 0x0000000100000000)
  region size 1024K, 41 young (41984K), 6 survivors (6144K)
 Metaspace       used 56374K, committed 57024K, reserved 393216K
  class space    used 7777K, committed 8128K, reserved 327680K
GC Heap History (20 events):
Event: 0.393 GC heap before
{Heap before GC invocations=0 (full 0):
 garbage-first heap   total 262144K, used 26624K [0x00000000e0000000, 0x0000000100000000)
  region size 1024K, 23 young (23552K), 0 survivors (0K)
 Metaspace       used 2761K, committed 2880K, reserved 393216K
  class space    used 325K, committed 384K, reserved 327680K
}
Event: 0.396 GC heap after
{Heap after GC invocations=1 (full 0):
 garbage-first heap   total 262144K, used 10837K [0x00000000e0000000, 0x0000000100000000)
  region size 1024K, 3 young (3072K), 3 survivors (3072K)
 Metaspace       used 2761K, committed 2880K, reserved 393216K
  class space    used 325K, committed 384K, reserved 327680K
}
Event: 0.679 GC heap before
{Heap before GC invocations=1 (full 0):
 garbage-first heap   total 262144K, used 38485K [0x00000000e0000000, 0x0000000100000000)
  region size 1024K, 30 young (30720K), 3 survivors (3072K)
 Metaspace       used 4077K, committed 4224K, reserved 393216K
  class space    used 495K, committed 576K, reserved 327680K
}
Event: 0.681 GC heap after
{Heap after GC invocations=2 (full 0):
 garbage-first heap   total 262144K, used 11751K [0x00000000e0000000, 0x0000000100000000)
  region size 1024K, 1 young (1024K), 1 survivors (1024K)
 Metaspace       used 4077K, committed 4224K, reserved 393216K
  class space    used 495K, committed 576K, reserved 327680K
}
Event: 2.114 GC heap before
{Heap before GC invocations=2 (full 0):
 garbage-first heap   total 262144K, used 132583K [0x00000000e0000000, 0x0000000100000000)
  region size 1024K, 119 young (121856K), 1 survivors (1024K)
 Metaspace       used 21197K, committed 21504K, reserved 393216K
  class space    used 3105K, committed 3264K, reserved 327680K
}
Event: 2.120 GC heap after
{Heap after GC invocations=3 (full 0):
 garbage-first heap   total 262144K, used 23026K [0x00000000e0000000, 0x0000000100000000)
  region size 1024K, 12 young (12288K), 12 survivors (12288K)
 Metaspace       used 21197K, committed 21504K, reserved 393216K
  class space    used 3105K, committed 3264K, reserved 327680K
}
Event: 5.345 GC heap before
{Heap before GC invocations=4 (full 0):
 garbage-first heap   total 262144K, used 145906K [0x00000000e0000000, 0x0000000100000000)
  region size 1024K, 129 young (132096K), 12 survivors (12288K)
 Metaspace       used 35566K, committed 35968K, reserved 393216K
  class space    used 4932K, committed 5120K, reserved 327680K
}
Event: 5.356 GC heap after
{Heap after GC invocations=5 (full 0):
 garbage-first heap   total 262144K, used 33472K [0x00000000e0000000, 0x0000000100000000)
  region size 1024K, 11 young (11264K), 11 survivors (11264K)
 Metaspace       used 35566K, committed 35968K, reserved 393216K
  class space    used 4932K, committed 5120K, reserved 327680K
}
Event: 5.382 GC heap before
{Heap before GC invocations=5 (full 0):
 garbage-first heap   total 262144K, used 34496K [0x00000000e0000000, 0x0000000100000000)
  region size 1024K, 12 young (12288K), 11 survivors (11264K)
 Metaspace       used 35731K, committed 36224K, reserved 393216K
  class space    used 4959K, committed 5184K, reserved 327680K
}
Event: 5.386 GC heap after
{Heap after GC invocations=6 (full 0):
 garbage-first heap   total 262144K, used 33882K [0x00000000e0000000, 0x0000000100000000)
  region size 1024K, 2 young (2048K), 2 survivors (2048K)
 Metaspace       used 35731K, committed 36224K, reserved 393216K
  class space    used 4959K, committed 5184K, reserved 327680K
}
Event: 5.426 GC heap before
{Heap before GC invocations=6 (full 0):
 garbage-first heap   total 262144K, used 34906K [0x00000000e0000000, 0x0000000100000000)
  region size 1024K, 4 young (4096K), 2 survivors (2048K)
 Metaspace       used 35881K, committed 36288K, reserved 393216K
  class space    used 4975K, committed 5184K, reserved 327680K
}
Event: 5.428 GC heap after
{Heap after GC invocations=7 (full 0):
 garbage-first heap   total 262144K, used 32826K [0x00000000e0000000, 0x0000000100000000)
  region size 1024K, 1 young (1024K), 1 survivors (1024K)
 Metaspace       used 35881K, committed 36288K, reserved 393216K
  class space    used 4975K, committed 5184K, reserved 327680K
}
Event: 12.653 GC heap before
{Heap before GC invocations=8 (full 0):
 garbage-first heap   total 262144K, used 189498K [0x00000000e0000000, 0x0000000100000000)
  region size 1024K, 153 young (156672K), 1 survivors (1024K)
 Metaspace       used 48174K, committed 48640K, reserved 393216K
  class space    used 6859K, committed 7104K, reserved 327680K
}
Event: 12.658 GC heap after
{Heap after GC invocations=9 (full 0):
 garbage-first heap   total 262144K, used 41503K [0x00000000e0000000, 0x0000000100000000)
  region size 1024K, 9 young (9216K), 9 survivors (9216K)
 Metaspace       used 48174K, committed 48640K, reserved 393216K
  class space    used 6859K, committed 7104K, reserved 327680K
}
Event: 12.678 GC heap before
{Heap before GC invocations=9 (full 0):
 garbage-first heap   total 262144K, used 44575K [0x00000000e0000000, 0x0000000100000000)
  region size 1024K, 12 young (12288K), 9 survivors (9216K)
 Metaspace       used 48199K, committed 48704K, reserved 393216K
  class space    used 6863K, committed 7104K, reserved 327680K
}
Event: 12.682 GC heap after
{Heap after GC invocations=10 (full 0):
 garbage-first heap   total 262144K, used 42384K [0x00000000e0000000, 0x0000000100000000)
  region size 1024K, 2 young (2048K), 2 survivors (2048K)
 Metaspace       used 48199K, committed 48704K, reserved 393216K
  class space    used 6863K, committed 7104K, reserved 327680K
}
Event: 22.085 GC heap before
{Heap before GC invocations=10 (full 0):
 garbage-first heap   total 262144K, used 195984K [0x00000000e0000000, 0x0000000100000000)
  region size 1024K, 153 young (156672K), 2 survivors (2048K)
 Metaspace       used 54190K, committed 54784K, reserved 393216K
  class space    used 7563K, committed 7872K, reserved 327680K
}
Event: 22.094 GC heap after
{Heap after GC invocations=11 (full 0):
 garbage-first heap   total 262144K, used 54012K [0x00000000e0000000, 0x0000000100000000)
  region size 1024K, 13 young (13312K), 13 survivors (13312K)
 Metaspace       used 54190K, committed 54784K, reserved 393216K
  class space    used 7563K, committed 7872K, reserved 327680K
}
Event: 72.705 GC heap before
{Heap before GC invocations=11 (full 0):
 garbage-first heap   total 262144K, used 196348K [0x00000000e0000000, 0x0000000100000000)
  region size 1024K, 153 young (156672K), 13 survivors (13312K)
 Metaspace       used 56060K, committed 56704K, reserved 393216K
  class space    used 7753K, committed 8064K, reserved 327680K
}
Event: 72.824 GC heap after
{Heap after GC invocations=12 (full 0):
 garbage-first heap   total 262144K, used 56849K [0x00000000e0000000, 0x0000000100000000)
  region size 1024K, 6 young (6144K), 6 survivors (6144K)
 Metaspace       used 56060K, committed 56704K, reserved 393216K
  class space    used 7753K, committed 8064K, reserved 327680K
}

