# JRE version: Java(TM) SE Runtime Environment (17.0.9+11) (build 17.0.9+11-LTS-201)
# Java VM: Java HotSpot(TM) 64-Bit Server VM (17.0.9+11-LTS-201, mixed mode, sharing, tiered, compressed oops, compressed class ptrs, g1 gc, windows-amd64)
GC Precious Log:
 CPUs: 16 total, 16 available
 Memory: 15932M
 Large Page Support: Disabled
 NUMA Support: Disabled
 Compressed Oops: Enabled (32-bit)
 Heap Region Size: 1M
 Heap Min Capacity: 256M
 Heap Initial Capacity: 256M
 Heap Max Capacity: 512M
 Pre-touch: Disabled
 Parallel Workers: 13
 Concurrent Workers: 3
 Concurrent Refinement Workers: 13
 Periodic GC: Disabled
Heap:
 garbage-first heap   total 262144K, used 75831K [0x00000000e0000000, 0x0000000100000000)
  region size 1024K, 43 young (44032K), 1 survivors (1024K)
 Metaspace       used 39902K, committed 40384K, reserved 393216K
  class space    used 5488K, committed 5696K, reserved 327680K
GC Heap History (12 events):
Event: 0.813 GC heap before
{Heap before GC invocations=0 (full 0):
 garbage-first heap   total 262144K, used 26624K [0x00000000e0000000, 0x0000000100000000)
  region size 1024K, 23 young (23552K), 0 survivors (0K)
 Metaspace       used 2935K, committed 3136K, reserved 393216K
  class space    used 360K, committed 448K, reserved 327680K
}
Event: 0.820 GC heap after
{Heap after GC invocations=1 (full 0):
 garbage-first heap   total 262144K, used 10873K [0x00000000e0000000, 0x0000000100000000)
  region size 1024K, 3 young (3072K), 3 survivors (3072K)
 Metaspace       used 2935K, committed 3136K, reserved 393216K
  class space    used 360K, committed 448K, reserved 327680K
}
Event: 1.638 GC heap before
{Heap before GC invocations=1 (full 0):
 garbage-first heap   total 262144K, used 38521K [0x00000000e0000000, 0x0000000100000000)
  region size 1024K, 30 young (30720K), 3 survivors (3072K)
 Metaspace       used 4085K, committed 4288K, reserved 393216K
  class space    used 495K, committed 576K, reserved 327680K
}
Event: 1.642 GC heap after
{Heap after GC invocations=2 (full 0):
 garbage-first heap   total 262144K, used 11764K [0x00000000e0000000, 0x0000000100000000)
  region size 1024K, 1 young (1024K), 1 survivors (1024K)
 Metaspace       used 4085K, committed 4288K, reserved 393216K
  class space    used 495K, committed 576K, reserved 327680K
}
Event: 7.672 GC heap before
{Heap before GC invocations=2 (full 0):
 garbage-first heap   total 262144K, used 134644K [0x00000000e0000000, 0x0000000100000000)
  region size 1024K, 121 young (123904K), 1 survivors (1024K)
 Metaspace       used 21214K, committed 21504K, reserved 393216K
  class space    used 3106K, committed 3264K, reserved 327680K
}
Event: 7.681 GC heap after
{Heap after GC invocations=3 (full 0):
 garbage-first heap   total 262144K, used 22790K [0x00000000e0000000, 0x0000000100000000)
  region size 1024K, 12 young (12288K), 12 survivors (12288K)
 Metaspace       used 21214K, committed 21504K, reserved 393216K
  class space    used 3106K, committed 3264K, reserved 327680K
}
Event: 46.420 GC heap before
{Heap before GC invocations=4 (full 0):
 garbage-first heap   total 262144K, used 150790K [0x00000000e0000000, 0x0000000100000000)
  region size 1024K, 134 young (137216K), 12 survivors (12288K)
 Metaspace       used 35690K, committed 36096K, reserved 393216K
  class space    used 4925K, committed 5120K, reserved 327680K
}
Event: 46.575 GC heap after
{Heap after GC invocations=5 (full 0):
 garbage-first heap   total 262144K, used 32337K [0x00000000e0000000, 0x0000000100000000)
  region size 1024K, 10 young (10240K), 10 survivors (10240K)
 Metaspace       used 35690K, committed 36096K, reserved 393216K
  class space    used 4925K, committed 5120K, reserved 327680K
}
Event: 47.217 GC heap before
{Heap before GC invocations=5 (full 0):
 garbage-first heap   total 262144K, used 34385K [0x00000000e0000000, 0x0000000100000000)
  region size 1024K, 12 young (12288K), 10 survivors (10240K)
 Metaspace       used 35993K, committed 36416K, reserved 393216K
  class space    used 4971K, committed 5184K, reserved 327680K
}
Event: 47.227 GC heap after
{Heap after GC invocations=6 (full 0):
 garbage-first heap   total 262144K, used 32870K [0x00000000e0000000, 0x0000000100000000)
  region size 1024K, 2 young (2048K), 2 survivors (2048K)
 Metaspace       used 35993K, committed 36416K, reserved 393216K
  class space    used 4971K, committed 5184K, reserved 327680K
}
Event: 47.246 GC heap before
{Heap before GC invocations=6 (full 0):
 garbage-first heap   total 262144K, used 32870K [0x00000000e0000000, 0x0000000100000000)
  region size 1024K, 3 young (3072K), 2 survivors (2048K)
 Metaspace       used 36016K, committed 36416K, reserved 393216K
  class space    used 4973K, committed 5184K, reserved 327680K
}
Event: 47.250 GC heap after
{Heap after GC invocations=7 (full 0):
 garbage-first heap   total 262144K, used 31799K [0x00000000e0000000, 0x0000000100000000)
  region size 1024K, 1 young (1024K), 1 survivors (1024K)
 Metaspace       used 36016K, committed 36416K, reserved 393216K
  class space    used 4973K, committed 5184K, reserved 327680K
}

