# JRE version: Java(TM) SE Runtime Environment (17.0.9+11) (build 17.0.9+11-LTS-201)
# Java VM: Java HotSpot(TM) 64-Bit Server VM (17.0.9+11-LTS-201, mixed mode, sharing, tiered, compressed oops, compressed class ptrs, g1 gc, windows-amd64)
GC Precious Log:
 CPUs: 16 total, 16 available
 Memory: 15932M
 Large Page Support: Disabled
 NUMA Support: Disabled
 Compressed Oops: Enabled (32-bit)
 Heap Region Size: 1M
 Heap Min Capacity: 256M
 Heap Initial Capacity: 256M
 Heap Max Capacity: 512M
 Pre-touch: Disabled
 Parallel Workers: 13
 Concurrent Workers: 3
 Concurrent Refinement Workers: 13
 Periodic GC: Disabled
Heap:
 garbage-first heap   total 262144K, used 53742K [0x00000000e0000000, 0x0000000100000000)
  region size 1024K, 24 young (24576K), 1 survivors (1024K)
 Metaspace       used 37735K, committed 38080K, reserved 393216K
  class space    used 5291K, committed 5440K, reserved 327680K
GC Heap History (12 events):
Event: 2.740 GC heap before
{Heap before GC invocations=0 (full 0):
 garbage-first heap   total 262144K, used 26624K [0x00000000e0000000, 0x0000000100000000)
  region size 1024K, 23 young (23552K), 0 survivors (0K)
 Metaspace       used 2939K, committed 3136K, reserved 393216K
  class space    used 361K, committed 448K, reserved 327680K
}
Event: 2.744 GC heap after
{Heap after GC invocations=1 (full 0):
 garbage-first heap   total 262144K, used 10916K [0x00000000e0000000, 0x0000000100000000)
  region size 1024K, 3 young (3072K), 3 survivors (3072K)
 Metaspace       used 2939K, committed 3136K, reserved 393216K
  class space    used 361K, committed 448K, reserved 327680K
}
Event: 4.408 GC heap before
{Heap before GC invocations=1 (full 0):
 garbage-first heap   total 262144K, used 38564K [0x00000000e0000000, 0x0000000100000000)
  region size 1024K, 30 young (30720K), 3 survivors (3072K)
 Metaspace       used 4077K, committed 4224K, reserved 393216K
  class space    used 495K, committed 576K, reserved 327680K
}
Event: 4.412 GC heap after
{Heap after GC invocations=2 (full 0):
 garbage-first heap   total 262144K, used 11531K [0x00000000e0000000, 0x0000000100000000)
  region size 1024K, 1 young (1024K), 1 survivors (1024K)
 Metaspace       used 4077K, committed 4224K, reserved 393216K
  class space    used 495K, committed 576K, reserved 327680K
}
Event: 12.082 GC heap before
{Heap before GC invocations=2 (full 0):
 garbage-first heap   total 262144K, used 133387K [0x00000000e0000000, 0x0000000100000000)
  region size 1024K, 121 young (123904K), 1 survivors (1024K)
 Metaspace       used 21215K, committed 21504K, reserved 393216K
  class space    used 3096K, committed 3264K, reserved 327680K
}
Event: 12.107 GC heap after
{Heap after GC invocations=3 (full 0):
 garbage-first heap   total 262144K, used 22680K [0x00000000e0000000, 0x0000000100000000)
  region size 1024K, 12 young (12288K), 12 survivors (12288K)
 Metaspace       used 21215K, committed 21504K, reserved 393216K
  class space    used 3096K, committed 3264K, reserved 327680K
}
Event: 71.931 GC heap before
{Heap before GC invocations=4 (full 0):
 garbage-first heap   total 262144K, used 145560K [0x00000000e0000000, 0x0000000100000000)
  region size 1024K, 129 young (132096K), 12 survivors (12288K)
 Metaspace       used 35573K, committed 35968K, reserved 393216K
  class space    used 4898K, committed 5120K, reserved 327680K
}
Event: 72.009 GC heap after
{Heap after GC invocations=5 (full 0):
 garbage-first heap   total 262144K, used 31033K [0x00000000e0000000, 0x0000000100000000)
  region size 1024K, 9 young (9216K), 9 survivors (9216K)
 Metaspace       used 35573K, committed 35968K, reserved 393216K
  class space    used 4898K, committed 5120K, reserved 327680K
}
Event: 72.080 GC heap before
{Heap before GC invocations=5 (full 0):
 garbage-first heap   total 262144K, used 33081K [0x00000000e0000000, 0x0000000100000000)
  region size 1024K, 12 young (12288K), 9 survivors (9216K)
 Metaspace       used 35925K, committed 36288K, reserved 393216K
  class space    used 5017K, committed 5184K, reserved 327680K
}
Event: 72.087 GC heap after
{Heap after GC invocations=6 (full 0):
 garbage-first heap   total 262144K, used 32036K [0x00000000e0000000, 0x0000000100000000)
  region size 1024K, 2 young (2048K), 2 survivors (2048K)
 Metaspace       used 35925K, committed 36288K, reserved 393216K
  class space    used 5017K, committed 5184K, reserved 327680K
}
Event: 72.119 GC heap before
{Heap before GC invocations=6 (full 0):
 garbage-first heap   total 262144K, used 33060K [0x00000000e0000000, 0x0000000100000000)
  region size 1024K, 4 young (4096K), 2 survivors (2048K)
 Metaspace       used 36246K, committed 36608K, reserved 393216K
  class space    used 5083K, committed 5248K, reserved 327680K
}
Event: 72.125 GC heap after
{Heap after GC invocations=7 (full 0):
 garbage-first heap   total 262144K, used 31214K [0x00000000e0000000, 0x0000000100000000)
  region size 1024K, 1 young (1024K), 1 survivors (1024K)
 Metaspace       used 36246K, committed 36608K, reserved 393216K
  class space    used 5083K, committed 5248K, reserved 327680K
}

